build/app/intermediates/manifest_merge_blame_file/debug/manifest-merger-blame-debug-report.txt
1<?xml version="1.0" encoding="utf-8"?>
2<manifest xmlns:android="http://schemas.android.com/apk/res/android"
3    package="com.example.campsiteFmsAppUser"
4    android:versionCode="1"
5    android:versionName="1.0.0" >
6
7    <uses-sdk
8        android:minSdkVersion="19"
9        android:targetSdkVersion="29" />
10    <!--
11         Flutter needs it to communicate with the running application
12         to allow setting breakpoints, to provide hot reload, etc.
13    -->
14    <uses-permission android:name="android.permission.INTERNET" />
14-->src\debug\AndroidManifest.xml:6:5-66
14-->src\debug\AndroidManifest.xml:6:22-64
15    <uses-permission android:name="android.permission.WAKE_LOCK" />
15-->[:firebase_messaging] AndroidManifest.xml:8:5-68
15-->[:firebase_messaging] AndroidManifest.xml:8:22-65
16    <uses-permission android:name="android.permission.ACCESS_NETWORK_STATE" /> <!-- Samsung Badge -->
16-->[:firebase_messaging] AndroidManifest.xml:9:5-79
16-->[:firebase_messaging] AndroidManifest.xml:9:22-76
17    <uses-permission android:name="com.sec.android.provider.badge.permission.READ" />
17-->[:awesome_notifications] AndroidManifest.xml:8:5-86
17-->[:awesome_notifications] AndroidManifest.xml:8:22-83
18    <uses-permission android:name="com.sec.android.provider.badge.permission.WRITE" /> <!-- Sony Badge -->
18-->[:awesome_notifications] AndroidManifest.xml:9:5-87
18-->[:awesome_notifications] AndroidManifest.xml:9:22-84
19    <uses-permission android:name="com.sonyericsson.home.permission.BROADCAST_BADGE" /> <!-- HTC Badge -->
19-->[:awesome_notifications] AndroidManifest.xml:12:5-88
19-->[:awesome_notifications] AndroidManifest.xml:12:22-85
20    <uses-permission android:name="com.htc.launcher.permission.READ_SETTINGS" />
20-->[:awesome_notifications] AndroidManifest.xml:15:5-81
20-->[:awesome_notifications] AndroidManifest.xml:15:22-78
21    <uses-permission android:name="com.htc.launcher.permission.UPDATE_SHORTCUT" />
21-->[:awesome_notifications] AndroidManifest.xml:16:5-83
21-->[:awesome_notifications] AndroidManifest.xml:16:22-80
22    <uses-permission android:name="android.permission.RECEIVE_BOOT_COMPLETED" />
22-->[:awesome_notifications] AndroidManifest.xml:17:5-81
22-->[:awesome_notifications] AndroidManifest.xml:17:22-78
23    <uses-permission android:name="com.google.android.finsky.permission.BIND_GET_INSTALL_REFERRER_SERVICE" /> <!-- Required by older versions of Google Play services to create IID tokens -->
23-->[com.google.android.gms:play-services-measurement:19.0.0] AndroidManifest.xml:26:5-110
23-->[com.google.android.gms:play-services-measurement:19.0.0] AndroidManifest.xml:26:22-107
24    <uses-permission android:name="com.google.android.c2dm.permission.RECEIVE" />
24-->[com.google.firebase:firebase-messaging:22.0.0] AndroidManifest.xml:25:5-82
24-->[com.google.firebase:firebase-messaging:22.0.0] AndroidManifest.xml:25:22-79
25    <!--
26 io.flutter.app.FlutterApplication is an android.app.Application that
27         calls FlutterMain.startInitialization(this); in its onCreate method.
28         In most cases you can leave this as-is, but you if you want to provide
29         additional functionality it is fine to subclass or reimplement
30         FlutterApplication and put your custom class here.
31    -->
32    <application
32-->src\main\AndroidManifest.xml:8:5-46:19
33        android:name="io.flutter.app.FlutterApplication"
33-->src\main\AndroidManifest.xml:9:9-57
34        android:appComponentFactory="androidx.core.app.CoreComponentFactory"
34-->[androidx.core:core:1.3.1] AndroidManifest.xml:24:18-86
35        android:debuggable="true"
36        android:icon="@mipmap/ic_launcher"
36-->src\main\AndroidManifest.xml:11:9-43
37        android:label="MODAK MODAK User" >
37-->src\main\AndroidManifest.xml:10:9-41
38        <activity
38-->src\main\AndroidManifest.xml:12:9-40:20
39            android:name="com.example.campsiteFmsAppUser.MainActivity"
39-->src\main\AndroidManifest.xml:13:13-41
40            android:configChanges="orientation|keyboardHidden|keyboard|screenSize|smallestScreenSize|locale|layoutDirection|fontScale|screenLayout|density|uiMode"
40-->src\main\AndroidManifest.xml:16:13-163
41            android:hardwareAccelerated="true"
41-->src\main\AndroidManifest.xml:17:13-47
42            android:launchMode="singleTop"
42-->src\main\AndroidManifest.xml:14:13-43
43            android:theme="@style/NormalTheme"
43-->src\main\AndroidManifest.xml:15:13-47
44            android:windowSoftInputMode="adjustResize" >
44-->src\main\AndroidManifest.xml:18:13-55
45
46            <!--
47                 Specifies an Android theme to apply to this Activity as soon as
48                 the Android process has started. This theme is visible to the user
49                 while the Flutter UI initializes. After that, this theme continues
50                 to determine the Window background behind the Flutter UI.
51            -->
52            <meta-data
52-->src\main\AndroidManifest.xml:23:13-26:17
53                android:name="io.flutter.embedding.android.NormalTheme"
53-->src\main\AndroidManifest.xml:24:15-70
54                android:resource="@style/NormalTheme" />
54-->src\main\AndroidManifest.xml:25:15-52
55            <!--
56                 Displays an Android View that continues showing the launch screen
57                 Drawable until Flutter paints its first frame, then this splash
58                 screen fades out. A splash screen is useful to avoid any visual
59                 gap between the end of Android's launch screen and the painting of
60                 Flutter's first frame.
61            -->
62            <!--
63              <meta-data
64              android:name="io.flutter.embedding.android.SplashScreenDrawable"
65              android:resource="@drawable/launch_background"
66              />
67            -->
68            <intent-filter>
68-->src\main\AndroidManifest.xml:36:13-39:29
69                <action android:name="android.intent.action.MAIN" />
69-->src\main\AndroidManifest.xml:37:17-68
69-->src\main\AndroidManifest.xml:37:25-66
70
71                <category android:name="android.intent.category.LAUNCHER" />
71-->src\main\AndroidManifest.xml:38:17-76
71-->src\main\AndroidManifest.xml:38:27-74
72            </intent-filter>
73        </activity>
74        <!--
75             Don't delete the meta-data below.
76             This is used by the Flutter tool to generate GeneratedPluginRegistrant.java
77        -->
78        <meta-data
78-->src\main\AndroidManifest.xml:43:9-45:33
79            android:name="flutterEmbedding"
79-->src\main\AndroidManifest.xml:44:13-44
80            android:value="2" />
80-->src\main\AndroidManifest.xml:45:13-30
81
82        <provider
82-->[:image_picker] AndroidManifest.xml:8:9-16:20
83            android:name="io.flutter.plugins.imagepicker.ImagePickerFileProvider"
83-->[:image_picker] AndroidManifest.xml:9:13-82
84            android:authorities="com.example.campsiteFmsAppUser.flutter.image_provider"
84-->[:image_picker] AndroidManifest.xml:10:13-74
85            android:exported="false"
85-->[:image_picker] AndroidManifest.xml:11:13-37
86            android:grantUriPermissions="true" >
86-->[:image_picker] AndroidManifest.xml:12:13-47
87            <meta-data
87-->[:image_picker] AndroidManifest.xml:13:13-15:75
88                android:name="android.support.FILE_PROVIDER_PATHS"
88-->[:image_picker] AndroidManifest.xml:14:17-67
89                android:resource="@xml/flutter_image_picker_file_paths" />
89-->[:image_picker] AndroidManifest.xml:15:17-72
90        </provider>
91
92        <service
92-->[:firebase_messaging] AndroidManifest.xml:12:9-15:72
93            android:name="io.flutter.plugins.firebase.messaging.FlutterFirebaseMessagingBackgroundService"
93-->[:firebase_messaging] AndroidManifest.xml:13:13-107
94            android:exported="false"
94-->[:firebase_messaging] AndroidManifest.xml:14:13-37
95            android:permission="android.permission.BIND_JOB_SERVICE" />
95-->[:firebase_messaging] AndroidManifest.xml:15:13-69
96        <service
96-->[:firebase_messaging] AndroidManifest.xml:16:9-22:19
97            android:name="io.flutter.plugins.firebase.messaging.FlutterFirebaseMessagingService"
97-->[:firebase_messaging] AndroidManifest.xml:17:13-97
98            android:exported="false" >
98-->[:firebase_messaging] AndroidManifest.xml:18:13-37
99            <intent-filter>
99-->[:firebase_messaging] AndroidManifest.xml:19:13-21:29
100                <action android:name="com.google.firebase.MESSAGING_EVENT" />
100-->[:firebase_messaging] AndroidManifest.xml:20:17-78
100-->[:firebase_messaging] AndroidManifest.xml:20:25-75
101            </intent-filter>
102        </service>
103
104        <receiver
104-->[:firebase_messaging] AndroidManifest.xml:24:9-31:20
105            android:name="io.flutter.plugins.firebase.messaging.FlutterFirebaseMessagingReceiver"
105-->[:firebase_messaging] AndroidManifest.xml:25:13-98
106            android:exported="true"
106-->[:firebase_messaging] AndroidManifest.xml:26:13-36
107            android:permission="com.google.android.c2dm.permission.SEND" >
107-->[:firebase_messaging] AndroidManifest.xml:27:13-73
108            <intent-filter>
108-->[:firebase_messaging] AndroidManifest.xml:28:13-30:29
109                <action android:name="com.google.android.c2dm.intent.RECEIVE" />
109-->[:firebase_messaging] AndroidManifest.xml:29:17-81
109-->[:firebase_messaging] AndroidManifest.xml:29:25-78
110            </intent-filter>
111        </receiver>
112
113        <service
113-->[:firebase_messaging] AndroidManifest.xml:33:9-37:19
114            android:name="com.google.firebase.components.ComponentDiscoveryService"
114-->[:firebase_messaging] AndroidManifest.xml:33:18-89
115            android:directBootAware="true"
115-->[com.google.firebase:firebase-common:20.0.0] AndroidManifest.xml:35:13-43
116            android:exported="false" >
116-->[com.google.firebase:firebase-messaging:22.0.0] AndroidManifest.xml:51:13-37
117            <meta-data
117-->[:firebase_messaging] AndroidManifest.xml:34:13-36:85
118                android:name="com.google.firebase.components:io.flutter.plugins.firebase.messaging.FlutterFirebaseAppRegistrar"
118-->[:firebase_messaging] AndroidManifest.xml:35:17-128
119                android:value="com.google.firebase.components.ComponentRegistrar" />
119-->[:firebase_messaging] AndroidManifest.xml:36:17-82
120            <meta-data
120-->[:firebase_core] AndroidManifest.xml:9:13-11:85
121                android:name="com.google.firebase.components:io.flutter.plugins.firebase.core.FlutterFirebaseCoreRegistrar"
121-->[:firebase_core] AndroidManifest.xml:10:17-124
122                android:value="com.google.firebase.components.ComponentRegistrar" />
122-->[:firebase_core] AndroidManifest.xml:11:17-82
123            <meta-data
123-->[com.google.firebase:firebase-messaging:22.0.0] AndroidManifest.xml:52:13-54:85
124                android:name="com.google.firebase.components:com.google.firebase.messaging.FirebaseMessagingRegistrar"
124-->[com.google.firebase:firebase-messaging:22.0.0] AndroidManifest.xml:53:17-119
125                android:value="com.google.firebase.components.ComponentRegistrar" />
125-->[com.google.firebase:firebase-messaging:22.0.0] AndroidManifest.xml:54:17-82
126            <meta-data
126-->[com.google.android.gms:play-services-measurement-api:19.0.0] AndroidManifest.xml:30:13-32:85
127                android:name="com.google.firebase.components:com.google.firebase.analytics.connector.internal.AnalyticsConnectorRegistrar"
127-->[com.google.android.gms:play-services-measurement-api:19.0.0] AndroidManifest.xml:31:17-139
128                android:value="com.google.firebase.components.ComponentRegistrar" />
128-->[com.google.android.gms:play-services-measurement-api:19.0.0] AndroidManifest.xml:32:17-82
129            <meta-data
129-->[com.google.firebase:firebase-datatransport:18.0.0] AndroidManifest.xml:28:13-30:85
130                android:name="com.google.firebase.components:com.google.firebase.datatransport.TransportRegistrar"
130-->[com.google.firebase:firebase-datatransport:18.0.0] AndroidManifest.xml:29:17-115
131                android:value="com.google.firebase.components.ComponentRegistrar" />
131-->[com.google.firebase:firebase-datatransport:18.0.0] AndroidManifest.xml:30:17-82
132            <meta-data
132-->[com.google.firebase:firebase-installations:17.0.0] AndroidManifest.xml:18:13-20:85
133                android:name="com.google.firebase.components:com.google.firebase.installations.FirebaseInstallationsRegistrar"
133-->[com.google.firebase:firebase-installations:17.0.0] AndroidManifest.xml:19:17-127
134                android:value="com.google.firebase.components.ComponentRegistrar" />
134-->[com.google.firebase:firebase-installations:17.0.0] AndroidManifest.xml:20:17-82
135        </service>
136
137        <provider
137-->[:firebase_messaging] AndroidManifest.xml:39:9-43:38
138            android:name="io.flutter.plugins.firebase.messaging.FlutterFirebaseMessagingInitProvider"
138-->[:firebase_messaging] AndroidManifest.xml:40:13-102
139            android:authorities="com.example.campsiteFmsAppUser.flutterfirebasemessaginginitprovider"
139-->[:firebase_messaging] AndroidManifest.xml:41:13-88
140            android:exported="false"
140-->[:firebase_messaging] AndroidManifest.xml:42:13-37
141            android:initOrder="99" />
141-->[:firebase_messaging] AndroidManifest.xml:43:13-35
142        <!--
143        <service
144            android:name=".services.firebase.FCMService"
145            android:exported="false">
146            <intent-filter>
147                <action android:name="com.google.firebase.MESSAGING_EVENT"/>
148            </intent-filter>
149        </service>
150
151        <service
152            android:name=".services.AutoCancelService"
153            android:stopWithTask="true" />
154
155        <meta-data android:name="firebase_messaging_auto_init_enabled" android:value="true" />
156
157        <meta-data
158            android:name="com.google.firebase.messaging.default_notification_channel_id"
159            android:value="me.carda.awesome_notifications.firebase.background_channel"/>
160        -->
161        <receiver android:name="me.carda.awesome_notifications.notifications.broadcastReceivers.DismissedNotificationReceiver" />
161-->[:awesome_notifications] AndroidManifest.xml:41:9-130
161-->[:awesome_notifications] AndroidManifest.xml:41:19-127
162        <receiver android:name="me.carda.awesome_notifications.notifications.broadcastReceivers.ScheduledNotificationReceiver" />
162-->[:awesome_notifications] AndroidManifest.xml:42:9-130
162-->[:awesome_notifications] AndroidManifest.xml:42:19-127
163        <receiver android:name="me.carda.awesome_notifications.notifications.broadcastReceivers.KeepOnTopActionReceiver" />
163-->[:awesome_notifications] AndroidManifest.xml:43:9-124
163-->[:awesome_notifications] AndroidManifest.xml:43:19-121
164        <receiver android:name="me.carda.awesome_notifications.notifications.broadcastReceivers.RefreshNotificationBootReceiver" >
164-->[:awesome_notifications] AndroidManifest.xml:44:9-54:20
164-->[:awesome_notifications] AndroidManifest.xml:44:19-129
165            <intent-filter>
165-->[:awesome_notifications] AndroidManifest.xml:45:13-53:29
166                <category android:name="android.intent.category.DEFAULT" />
166-->[:awesome_notifications] AndroidManifest.xml:46:17-76
166-->[:awesome_notifications] AndroidManifest.xml:46:27-73
167
168                <action android:name="android.intent.action.BOOT_COMPLETED" />
168-->[:awesome_notifications] AndroidManifest.xml:48:17-79
168-->[:awesome_notifications] AndroidManifest.xml:48:25-76
169                <action android:name="android.intent.action.LOCKED_BOOT_COMPLETED" />
169-->[:awesome_notifications] AndroidManifest.xml:49:17-86
169-->[:awesome_notifications] AndroidManifest.xml:49:25-83
170                <action android:name="android.intent.action.MY_PACKAGE_REPLACED" />
170-->[:awesome_notifications] AndroidManifest.xml:50:17-84
170-->[:awesome_notifications] AndroidManifest.xml:50:25-81
171                <action android:name="android.intent.action.QUICKBOOT_POWERON" />
171-->[:awesome_notifications] AndroidManifest.xml:51:17-82
171-->[:awesome_notifications] AndroidManifest.xml:51:25-79
172                <action android:name="com.htc.intent.action.QUICKBOOT_POWERON" />
172-->[:awesome_notifications] AndroidManifest.xml:52:17-82
172-->[:awesome_notifications] AndroidManifest.xml:52:25-79
173            </intent-filter>
174        </receiver>
175        <receiver android:name="androidx.media.session.MediaButtonReceiver" >
175-->[:awesome_notifications] AndroidManifest.xml:55:9-59:20
175-->[:awesome_notifications] AndroidManifest.xml:55:19-76
176            <intent-filter>
176-->[:awesome_notifications] AndroidManifest.xml:56:13-58:29
177                <action android:name="android.intent.action.MEDIA_BUTTON" />
177-->[:awesome_notifications] AndroidManifest.xml:57:17-77
177-->[:awesome_notifications] AndroidManifest.xml:57:25-74
178            </intent-filter>
179        </receiver>
180        <receiver
180-->[com.google.android.gms:play-services-measurement:19.0.0] AndroidManifest.xml:29:9-33:20
181            android:name="com.google.android.gms.measurement.AppMeasurementReceiver"
181-->[com.google.android.gms:play-services-measurement:19.0.0] AndroidManifest.xml:30:13-85
182            android:enabled="true"
182-->[com.google.android.gms:play-services-measurement:19.0.0] AndroidManifest.xml:31:13-35
183            android:exported="false" >
183-->[com.google.android.gms:play-services-measurement:19.0.0] AndroidManifest.xml:32:13-37
184        </receiver>
185
186        <service
186-->[com.google.android.gms:play-services-measurement:19.0.0] AndroidManifest.xml:35:9-38:40
187            android:name="com.google.android.gms.measurement.AppMeasurementService"
187-->[com.google.android.gms:play-services-measurement:19.0.0] AndroidManifest.xml:36:13-84
188            android:enabled="true"
188-->[com.google.android.gms:play-services-measurement:19.0.0] AndroidManifest.xml:37:13-35
189            android:exported="false" />
189-->[com.google.android.gms:play-services-measurement:19.0.0] AndroidManifest.xml:38:13-37
190        <service
190-->[com.google.android.gms:play-services-measurement:19.0.0] AndroidManifest.xml:39:9-43:72
191            android:name="com.google.android.gms.measurement.AppMeasurementJobService"
191-->[com.google.android.gms:play-services-measurement:19.0.0] AndroidManifest.xml:40:13-87
192            android:enabled="true"
192-->[com.google.android.gms:play-services-measurement:19.0.0] AndroidManifest.xml:41:13-35
193            android:exported="false"
193-->[com.google.android.gms:play-services-measurement:19.0.0] AndroidManifest.xml:42:13-37
194            android:permission="android.permission.BIND_JOB_SERVICE" />
194-->[com.google.android.gms:play-services-measurement:19.0.0] AndroidManifest.xml:43:13-69
195
196        <receiver
196-->[com.google.firebase:firebase-messaging:22.0.0] AndroidManifest.xml:28:9-35:20
197            android:name="com.google.firebase.iid.FirebaseInstanceIdReceiver"
197-->[com.google.firebase:firebase-messaging:22.0.0] AndroidManifest.xml:29:13-78
198            android:exported="true"
198-->[com.google.firebase:firebase-messaging:22.0.0] AndroidManifest.xml:30:13-36
199            android:permission="com.google.android.c2dm.permission.SEND" >
199-->[com.google.firebase:firebase-messaging:22.0.0] AndroidManifest.xml:31:13-73
200            <intent-filter>
200-->[:firebase_messaging] AndroidManifest.xml:28:13-30:29
201                <action android:name="com.google.android.c2dm.intent.RECEIVE" />
201-->[:firebase_messaging] AndroidManifest.xml:29:17-81
201-->[:firebase_messaging] AndroidManifest.xml:29:25-78
202            </intent-filter>
203        </receiver>
204        <!--
205             FirebaseMessagingService performs security checks at runtime,
206             but set to not exported to explicitly avoid allowing another app to call it.
207        -->
208        <service
208-->[com.google.firebase:firebase-messaging:22.0.0] AndroidManifest.xml:41:9-48:19
209            android:name="com.google.firebase.messaging.FirebaseMessagingService"
209-->[com.google.firebase:firebase-messaging:22.0.0] AndroidManifest.xml:42:13-82
210            android:directBootAware="true"
210-->[com.google.firebase:firebase-messaging:22.0.0] AndroidManifest.xml:43:13-43
211            android:exported="false" >
211-->[com.google.firebase:firebase-messaging:22.0.0] AndroidManifest.xml:44:13-37
212            <intent-filter android:priority="-500" >
212-->[:firebase_messaging] AndroidManifest.xml:19:13-21:29
213                <action android:name="com.google.firebase.MESSAGING_EVENT" />
213-->[:firebase_messaging] AndroidManifest.xml:20:17-78
213-->[:firebase_messaging] AndroidManifest.xml:20:25-75
214            </intent-filter>
215        </service>
216
217        <provider
217-->[com.google.firebase:firebase-common:20.0.0] AndroidManifest.xml:26:9-31:39
218            android:name="com.google.firebase.provider.FirebaseInitProvider"
218-->[com.google.firebase:firebase-common:20.0.0] AndroidManifest.xml:27:13-77
219            android:authorities="com.example.campsiteFmsAppUser.firebaseinitprovider"
219-->[com.google.firebase:firebase-common:20.0.0] AndroidManifest.xml:28:13-72
220            android:directBootAware="true"
220-->[com.google.firebase:firebase-common:20.0.0] AndroidManifest.xml:29:13-43
221            android:exported="false"
221-->[com.google.firebase:firebase-common:20.0.0] AndroidManifest.xml:30:13-37
222            android:initOrder="100" />
222-->[com.google.firebase:firebase-common:20.0.0] AndroidManifest.xml:31:13-36
223
224        <meta-data
224-->[com.google.android.gms:play-services-basement:17.0.0] AndroidManifest.xml:23:9-25:69
225            android:name="com.google.android.gms.version"
225-->[com.google.android.gms:play-services-basement:17.0.0] AndroidManifest.xml:24:13-58
226            android:value="@integer/google_play_services_version" />
226-->[com.google.android.gms:play-services-basement:17.0.0] AndroidManifest.xml:25:13-66
227
228        <provider
228-->[androidx.lifecycle:lifecycle-process:2.2.0] AndroidManifest.xml:25:9-29:43
229            android:name="androidx.lifecycle.ProcessLifecycleOwnerInitializer"
229-->[androidx.lifecycle:lifecycle-process:2.2.0] AndroidManifest.xml:26:13-79
230            android:authorities="com.example.campsiteFmsAppUser.lifecycle-process"
230-->[androidx.lifecycle:lifecycle-process:2.2.0] AndroidManifest.xml:27:13-69
231            android:exported="false"
231-->[androidx.lifecycle:lifecycle-process:2.2.0] AndroidManifest.xml:28:13-37
232            android:multiprocess="true" />
232-->[androidx.lifecycle:lifecycle-process:2.2.0] AndroidManifest.xml:29:13-40
233
234        <service
234-->[com.google.android.datatransport:transport-backend-cct:3.0.0] AndroidManifest.xml:29:9-35:19
235            android:name="com.google.android.datatransport.runtime.backends.TransportBackendDiscovery"
235-->[com.google.android.datatransport:transport-backend-cct:3.0.0] AndroidManifest.xml:30:13-103
236            android:exported="false" >
236-->[com.google.android.datatransport:transport-backend-cct:3.0.0] AndroidManifest.xml:31:13-37
237            <meta-data
237-->[com.google.android.datatransport:transport-backend-cct:3.0.0] AndroidManifest.xml:32:13-34:39
238                android:name="backend:com.google.android.datatransport.cct.CctBackendFactory"
238-->[com.google.android.datatransport:transport-backend-cct:3.0.0] AndroidManifest.xml:33:17-94
239                android:value="cct" />
239-->[com.google.android.datatransport:transport-backend-cct:3.0.0] AndroidManifest.xml:34:17-36
240        </service>
241        <service
241-->[com.google.android.datatransport:transport-runtime:3.0.0] AndroidManifest.xml:26:9-30:19
242            android:name="com.google.android.datatransport.runtime.scheduling.jobscheduling.JobInfoSchedulerService"
242-->[com.google.android.datatransport:transport-runtime:3.0.0] AndroidManifest.xml:27:13-117
243            android:exported="false"
243-->[com.google.android.datatransport:transport-runtime:3.0.0] AndroidManifest.xml:28:13-37
244            android:permission="android.permission.BIND_JOB_SERVICE" >
244-->[com.google.android.datatransport:transport-runtime:3.0.0] AndroidManifest.xml:29:13-69
245        </service>
246
247        <receiver
247-->[com.google.android.datatransport:transport-runtime:3.0.0] AndroidManifest.xml:32:9-34:40
248            android:name="com.google.android.datatransport.runtime.scheduling.jobscheduling.AlarmManagerSchedulerBroadcastReceiver"
248-->[com.google.android.datatransport:transport-runtime:3.0.0] AndroidManifest.xml:33:13-132
249            android:exported="false" />
249-->[com.google.android.datatransport:transport-runtime:3.0.0] AndroidManifest.xml:34:13-37
250    </application>
251
252</manifest>